2026-01-01 23:06:59,378 [Worker-2: Loading available Gradle versions] INFO  o.e.b.c.i.u.g.PublishedGradleVersions - Gradle version information cache is not available. Remote download required.
2026-01-01 23:12:20,713 [Worker-1: Importing Maven projects] INFO  o.e.m.c.i.l.LifecycleMappingFactory - Using org.eclipse.m2e.jdt.JarLifecycleMapping lifecycle mapping for MavenProject: com.cdac:springboot_backend_template:0.0.1 @ C:\Users\samru\Desktop\EduRide\CDAC_Project_Id_26\EduRide_Backend\eduride_backend\pom.xml.
2026-01-01 23:12:23,101 [Worker-1: Importing Maven projects] INFO  o.e.m.j.i.AbstractJavaProjectConfigurator - Adding source folder /springboot_backend_template/src/main/java
2026-01-01 23:12:23,104 [Worker-1: Importing Maven projects] INFO  o.e.m.j.i.AbstractJavaProjectConfigurator - Adding resource folder /springboot_backend_template/src/main/resources
2026-01-01 23:12:23,111 [Worker-1: Importing Maven projects] INFO  o.e.m.j.i.AbstractJavaProjectConfigurator - Adding resource folder /springboot_backend_template/src/main/resources
2026-01-01 23:12:23,115 [Worker-1: Importing Maven projects] INFO  o.e.m.j.i.AbstractJavaProjectConfigurator - Adding source folder /springboot_backend_template/src/test/java
2026-01-01 23:12:23,116 [Worker-1: Importing Maven projects] INFO  o.e.m.j.i.AbstractJavaProjectConfigurator - Adding resource folder /springboot_backend_template/src/test/resources
2026-01-01 23:12:23,710 [Worker-1: Importing Maven projects] INFO  o.e.m.c.i.p.ProjectConfigurationManager - Imported and configured 1 project(s) in 5 sec
2026-01-01 23:12:24,880 [Worker-12: Building] INFO  o.a.m.s.f.DefaultMavenResourcesFiltering - Copying 1 resource from src\main\resources to target\classes
2026-01-01 23:12:24,903 [Worker-12: Building] INFO  o.a.m.s.f.DefaultMavenResourcesFiltering - Copying 0 resource from src\main\resources to target\classes
2026-01-01 23:12:24,910 [Worker-12: Building] INFO  o.a.m.s.f.DefaultMavenResourcesFiltering - skip non existing resourceDirectory C:\Users\samru\Desktop\EduRide\CDAC_Project_Id_26\EduRide_Backend\eduride_backend\src\test\resources
2026-01-01 23:13:09,206 [main] INFO  o.e.m2e.actions.ExecutePomAction - Creating new launch configuration
2026-01-01 23:13:21,807 [Worker-16: Launching eduride_backend] INFO  o.eclipse.m2e.core.internal.Bundles - getClasspathEntries(Bundle=org.eclipse.m2e.maven.runtime_3.9.900.20250220-2013 [361])
2026-01-01 23:13:21,813 [Worker-16: Launching eduride_backend] INFO  o.eclipse.m2e.core.internal.Bundles - 	Entry: C:\sts-4.30.0.RELEASE\plugins\org.eclipse.m2e.maven.runtime_3.9.900.20250220-2013
2026-01-01 23:13:21,813 [Worker-16: Launching eduride_backend] INFO  o.eclipse.m2e.core.internal.Bundles - 	Entry: C:\sts-4.30.0.RELEASE\plugins\org.eclipse.m2e.maven.runtime_3.9.900.20250220-2013\jars\aopalliance-1.0.jar
2026-01-01 23:13:21,813 [Worker-16: Launching eduride_backend] INFO  o.eclipse.m2e.core.internal.Bundles - 	Entry: C:\sts-4.30.0.RELEASE\plugins\org.eclipse.m2e.maven.runtime_3.9.900.20250220-2013\jars\guice-5.1.0.jar
2026-01-01 23:13:21,813 [Worker-16: Launching eduride_backend] INFO  o.eclipse.m2e.core.internal.Bundles - 	Entry: C:\sts-4.30.0.RELEASE\plugins\org.eclipse.m2e.maven.runtime_3.9.900.20250220-2013\jars\httpclient-4.5.14.jar
2026-01-01 23:13:21,814 [Worker-16: Launching eduride_backend] INFO  o.eclipse.m2e.core.internal.Bundles - 	Entry: C:\sts-4.30.0.RELEASE\plugins\org.eclipse.m2e.maven.runtime_3.9.900.20250220-2013\jars\httpcore-4.4.16.jar
2026-01-01 23:13:21,814 [Worker-16: Launching eduride_backend] INFO  o.eclipse.m2e.core.internal.Bundles - 	Entry: C:\sts-4.30.0.RELEASE\plugins\org.eclipse.m2e.maven.runtime_3.9.900.20250220-2013\jars\jansi-2.4.1.jar
2026-01-01 23:13:21,814 [Worker-16: Launching eduride_backend] INFO  o.eclipse.m2e.core.internal.Bundles - 	Entry: C:\sts-4.30.0.RELEASE\plugins\org.eclipse.m2e.maven.runtime_3.9.900.20250220-2013\jars\jcl-over-slf4j-1.7.36.jar
2026-01-01 23:13:21,814 [Worker-16: Launching eduride_backend] INFO  o.eclipse.m2e.core.internal.Bundles - 	Entry: C:\sts-4.30.0.RELEASE\plugins\org.eclipse.m2e.maven.runtime_3.9.900.20250220-2013\jars\maven-artifact-3.9.9.jar
2026-01-01 23:13:21,814 [Worker-16: Launching eduride_backend] INFO  o.eclipse.m2e.core.internal.Bundles - 	Entry: C:\sts-4.30.0.RELEASE\plugins\org.eclipse.m2e.maven.runtime_3.9.900.20250220-2013\jars\maven-builder-support-3.9.9.jar
2026-01-01 23:13:21,814 [Worker-16: Launching eduride_backend] INFO  o.eclipse.m2e.core.internal.Bundles - 	Entry: C:\sts-4.30.0.RELEASE\plugins\org.eclipse.m2e.maven.runtime_3.9.900.20250220-2013\jars\maven-compat-3.9.9.jar
2026-01-01 23:13:21,815 [Worker-16: Launching eduride_backend] INFO  o.eclipse.m2e.core.internal.Bundles - 	Entry: C:\sts-4.30.0.RELEASE\plugins\org.eclipse.m2e.maven.runtime_3.9.900.20250220-2013\jars\maven-core-3.9.9.jar
2026-01-01 23:13:21,815 [Worker-16: Launching eduride_backend] INFO  o.eclipse.m2e.core.internal.Bundles - 	Entry: C:\sts-4.30.0.RELEASE\plugins\org.eclipse.m2e.maven.runtime_3.9.900.20250220-2013\jars\maven-embedder-3.9.9.jar
2026-01-01 23:13:21,815 [Worker-16: Launching eduride_backend] INFO  o.eclipse.m2e.core.internal.Bundles - 	Entry: C:\sts-4.30.0.RELEASE\plugins\org.eclipse.m2e.maven.runtime_3.9.900.20250220-2013\jars\maven-model-3.9.9.jar
2026-01-01 23:13:21,815 [Worker-16: Launching eduride_backend] INFO  o.eclipse.m2e.core.internal.Bundles - 	Entry: C:\sts-4.30.0.RELEASE\plugins\org.eclipse.m2e.maven.runtime_3.9.900.20250220-2013\jars\maven-model-builder-3.9.9.jar
2026-01-01 23:13:21,815 [Worker-16: Launching eduride_backend] INFO  o.eclipse.m2e.core.internal.Bundles - 	Entry: C:\sts-4.30.0.RELEASE\plugins\org.eclipse.m2e.maven.runtime_3.9.900.20250220-2013\jars\maven-plugin-api-3.9.9.jar
2026-01-01 23:13:21,815 [Worker-16: Launching eduride_backend] INFO  o.eclipse.m2e.core.internal.Bundles - 	Entry: C:\sts-4.30.0.RELEASE\plugins\org.eclipse.m2e.maven.runtime_3.9.900.20250220-2013\jars\maven-repository-metadata-3.9.9.jar
2026-01-01 23:13:21,816 [Worker-16: Launching eduride_backend] INFO  o.eclipse.m2e.core.internal.Bundles - 	Entry: C:\sts-4.30.0.RELEASE\plugins\org.eclipse.m2e.maven.runtime_3.9.900.20250220-2013\jars\maven-resolver-api-1.9.22.jar
2026-01-01 23:13:21,816 [Worker-16: Launching eduride_backend] INFO  o.eclipse.m2e.core.internal.Bundles - 	Entry: C:\sts-4.30.0.RELEASE\plugins\org.eclipse.m2e.maven.runtime_3.9.900.20250220-2013\jars\maven-resolver-connector-basic-1.9.22.jar
2026-01-01 23:13:21,816 [Worker-16: Launching eduride_backend] INFO  o.eclipse.m2e.core.internal.Bundles - 	Entry: C:\sts-4.30.0.RELEASE\plugins\org.eclipse.m2e.maven.runtime_3.9.900.20250220-2013\jars\maven-resolver-impl-1.9.22.jar
2026-01-01 23:13:21,816 [Worker-16: Launching eduride_backend] INFO  o.eclipse.m2e.core.internal.Bundles - 	Entry: C:\sts-4.30.0.RELEASE\plugins\org.eclipse.m2e.maven.runtime_3.9.900.20250220-2013\jars\maven-resolver-named-locks-1.9.22.jar
2026-01-01 23:13:21,816 [Worker-16: Launching eduride_backend] INFO  o.eclipse.m2e.core.internal.Bundles - 	Entry: C:\sts-4.30.0.RELEASE\plugins\org.eclipse.m2e.maven.runtime_3.9.900.20250220-2013\jars\maven-resolver-provider-3.9.9.jar
2026-01-01 23:13:21,816 [Worker-16: Launching eduride_backend] INFO  o.eclipse.m2e.core.internal.Bundles - 	Entry: C:\sts-4.30.0.RELEASE\plugins\org.eclipse.m2e.maven.runtime_3.9.900.20250220-2013\jars\maven-resolver-spi-1.9.22.jar
2026-01-01 23:13:21,816 [Worker-16: Launching eduride_backend] INFO  o.eclipse.m2e.core.internal.Bundles - 	Entry: C:\sts-4.30.0.RELEASE\plugins\org.eclipse.m2e.maven.runtime_3.9.900.20250220-2013\jars\maven-resolver-transport-file-1.9.22.jar
2026-01-01 23:13:21,817 [Worker-16: Launching eduride_backend] INFO  o.eclipse.m2e.core.internal.Bundles - 	Entry: C:\sts-4.30.0.RELEASE\plugins\org.eclipse.m2e.maven.runtime_3.9.900.20250220-2013\jars\maven-resolver-transport-http-1.9.22.jar
2026-01-01 23:13:21,817 [Worker-16: Launching eduride_backend] INFO  o.eclipse.m2e.core.internal.Bundles - 	Entry: C:\sts-4.30.0.RELEASE\plugins\org.eclipse.m2e.maven.runtime_3.9.900.20250220-2013\jars\maven-resolver-transport-wagon-1.9.22.jar
2026-01-01 23:13:21,817 [Worker-16: Launching eduride_backend] INFO  o.eclipse.m2e.core.internal.Bundles - 	Entry: C:\sts-4.30.0.RELEASE\plugins\org.eclipse.m2e.maven.runtime_3.9.900.20250220-2013\jars\maven-resolver-util-1.9.22.jar
2026-01-01 23:13:21,817 [Worker-16: Launching eduride_backend] INFO  o.eclipse.m2e.core.internal.Bundles - 	Entry: C:\sts-4.30.0.RELEASE\plugins\org.eclipse.m2e.maven.runtime_3.9.900.20250220-2013\jars\maven-settings-3.9.9.jar
2026-01-01 23:13:21,817 [Worker-16: Launching eduride_backend] INFO  o.eclipse.m2e.core.internal.Bundles - 	Entry: C:\sts-4.30.0.RELEASE\plugins\org.eclipse.m2e.maven.runtime_3.9.900.20250220-2013\jars\maven-settings-builder-3.9.9.jar
2026-01-01 23:13:21,817 [Worker-16: Launching eduride_backend] INFO  o.eclipse.m2e.core.internal.Bundles - 	Entry: C:\sts-4.30.0.RELEASE\plugins\org.eclipse.m2e.maven.runtime_3.9.900.20250220-2013\jars\maven-shared-utils-3.4.2.jar
2026-01-01 23:13:21,818 [Worker-16: Launching eduride_backend] INFO  o.eclipse.m2e.core.internal.Bundles - 	Entry: C:\sts-4.30.0.RELEASE\plugins\org.eclipse.m2e.maven.runtime_3.9.900.20250220-2013\jars\org.eclipse.sisu.inject-0.9.0.M3.jar
2026-01-01 23:13:21,818 [Worker-16: Launching eduride_backend] INFO  o.eclipse.m2e.core.internal.Bundles - 	Entry: C:\sts-4.30.0.RELEASE\plugins\org.eclipse.m2e.maven.runtime_3.9.900.20250220-2013\jars\org.eclipse.sisu.plexus-0.9.0.M3.jar
2026-01-01 23:13:21,818 [Worker-16: Launching eduride_backend] INFO  o.eclipse.m2e.core.internal.Bundles - 	Entry: C:\sts-4.30.0.RELEASE\plugins\org.eclipse.m2e.maven.runtime_3.9.900.20250220-2013\jars\plexus-build-api-0.0.7.jar
2026-01-01 23:13:21,818 [Worker-16: Launching eduride_backend] INFO  o.eclipse.m2e.core.internal.Bundles - 	Entry: C:\sts-4.30.0.RELEASE\plugins\org.eclipse.m2e.maven.runtime_3.9.900.20250220-2013\jars\plexus-build-api-1.2.0.jar
2026-01-01 23:13:21,818 [Worker-16: Launching eduride_backend] INFO  o.eclipse.m2e.core.internal.Bundles - 	Entry: C:\sts-4.30.0.RELEASE\plugins\org.eclipse.m2e.maven.runtime_3.9.900.20250220-2013\jars\plexus-cipher-2.0.jar
2026-01-01 23:13:21,819 [Worker-16: Launching eduride_backend] INFO  o.eclipse.m2e.core.internal.Bundles - 	Entry: C:\sts-4.30.0.RELEASE\plugins\org.eclipse.m2e.maven.runtime_3.9.900.20250220-2013\jars\plexus-classworlds-2.8.0.jar
2026-01-01 23:13:21,819 [Worker-16: Launching eduride_backend] INFO  o.eclipse.m2e.core.internal.Bundles - 	Entry: C:\sts-4.30.0.RELEASE\plugins\org.eclipse.m2e.maven.runtime_3.9.900.20250220-2013\jars\plexus-component-annotations-2.1.0.jar
2026-01-01 23:13:21,819 [Worker-16: Launching eduride_backend] INFO  o.eclipse.m2e.core.internal.Bundles - 	Entry: C:\sts-4.30.0.RELEASE\plugins\org.eclipse.m2e.maven.runtime_3.9.900.20250220-2013\jars\plexus-interpolation-1.27.jar
2026-01-01 23:13:21,819 [Worker-16: Launching eduride_backend] INFO  o.eclipse.m2e.core.internal.Bundles - 	Entry: C:\sts-4.30.0.RELEASE\plugins\org.eclipse.m2e.maven.runtime_3.9.900.20250220-2013\jars\plexus-sec-dispatcher-2.0.jar
2026-01-01 23:13:21,819 [Worker-16: Launching eduride_backend] INFO  o.eclipse.m2e.core.internal.Bundles - 	Entry: C:\sts-4.30.0.RELEASE\plugins\org.eclipse.m2e.maven.runtime_3.9.900.20250220-2013\jars\plexus-utils-3.5.1.jar
2026-01-01 23:13:21,819 [Worker-16: Launching eduride_backend] INFO  o.eclipse.m2e.core.internal.Bundles - 	Entry: C:\sts-4.30.0.RELEASE\plugins\org.eclipse.m2e.maven.runtime_3.9.900.20250220-2013\jars\plexus-xml-3.0.1.jar
2026-01-01 23:13:21,819 [Worker-16: Launching eduride_backend] INFO  o.eclipse.m2e.core.internal.Bundles - 	Entry: C:\sts-4.30.0.RELEASE\plugins\org.eclipse.m2e.maven.runtime_3.9.900.20250220-2013\jars\wagon-file-3.5.3.jar
2026-01-01 23:13:21,820 [Worker-16: Launching eduride_backend] INFO  o.eclipse.m2e.core.internal.Bundles - 	Entry: C:\sts-4.30.0.RELEASE\plugins\org.eclipse.m2e.maven.runtime_3.9.900.20250220-2013\jars\wagon-http-3.5.3.jar
2026-01-01 23:13:21,820 [Worker-16: Launching eduride_backend] INFO  o.eclipse.m2e.core.internal.Bundles - 	Entry: C:\sts-4.30.0.RELEASE\plugins\org.eclipse.m2e.maven.runtime_3.9.900.20250220-2013\jars\wagon-http-shared-3.5.3.jar
2026-01-01 23:13:21,820 [Worker-16: Launching eduride_backend] INFO  o.eclipse.m2e.core.internal.Bundles - 	Entry: C:\sts-4.30.0.RELEASE\plugins\org.eclipse.m2e.maven.runtime_3.9.900.20250220-2013\jars\wagon-provider-api-3.5.3.jar
2026-01-01 23:13:21,822 [Worker-16: Launching eduride_backend] INFO  o.eclipse.m2e.core.internal.Bundles - getClasspathEntries(Bundle=com.google.guava_33.4.0.jre [29])
2026-01-01 23:13:21,823 [Worker-16: Launching eduride_backend] INFO  o.eclipse.m2e.core.internal.Bundles - 	Entry: C:\sts-4.30.0.RELEASE\plugins\com.google.guava_33.4.0.jre.jar
2026-01-01 23:13:21,823 [Worker-16: Launching eduride_backend] INFO  o.eclipse.m2e.core.internal.Bundles - getClasspathEntries(Bundle=slf4j.api_2.0.17 [608])
2026-01-01 23:13:21,823 [Worker-16: Launching eduride_backend] INFO  o.eclipse.m2e.core.internal.Bundles - 	Entry: C:\sts-4.30.0.RELEASE\plugins\slf4j.api_2.0.17.jar
2026-01-01 23:13:21,823 [Worker-16: Launching eduride_backend] INFO  o.eclipse.m2e.core.internal.Bundles - getClasspathEntries(Bundle=javax.inject_1.0.0.v20220405-0441 [759])
2026-01-01 23:13:21,823 [Worker-16: Launching eduride_backend] INFO  o.eclipse.m2e.core.internal.Bundles - 	Entry: C:\sts-4.30.0.RELEASE\plugins\javax.inject_1.0.0.v20220405-0441.jar
2026-01-01 23:13:21,823 [Worker-16: Launching eduride_backend] INFO  o.eclipse.m2e.core.internal.Bundles - getClasspathEntries(Bundle=javax.annotation_1.3.5.v20230504-0748 [758])
2026-01-01 23:13:21,824 [Worker-16: Launching eduride_backend] INFO  o.eclipse.m2e.core.internal.Bundles - 	Entry: C:\sts-4.30.0.RELEASE\plugins\javax.annotation_1.3.5.v20230504-0748.jar
2026-01-01 23:13:21,824 [Worker-16: Launching eduride_backend] INFO  o.eclipse.m2e.core.internal.Bundles - getClasspathEntries(Bundle=org.apache.commons.cli_1.9.0 [77])
2026-01-01 23:13:21,824 [Worker-16: Launching eduride_backend] INFO  o.eclipse.m2e.core.internal.Bundles - 	Entry: C:\sts-4.30.0.RELEASE\plugins\org.apache.commons.cli_1.9.0.jar
2026-01-01 23:13:21,824 [Worker-16: Launching eduride_backend] INFO  o.eclipse.m2e.core.internal.Bundles - getClasspathEntries(Bundle=org.apache.commons.commons-codec_1.16.0 [79])
2026-01-01 23:13:21,824 [Worker-16: Launching eduride_backend] INFO  o.eclipse.m2e.core.internal.Bundles - 	Entry: C:\sts-4.30.0.RELEASE\plugins\org.apache.commons.commons-codec_1.16.0.jar
2026-01-01 23:13:21,824 [Worker-16: Launching eduride_backend] INFO  o.eclipse.m2e.core.internal.Bundles - getClasspathEntries(Bundle=com.google.guava.failureaccess_1.0.2 [30])
2026-01-01 23:13:21,824 [Worker-16: Launching eduride_backend] INFO  o.eclipse.m2e.core.internal.Bundles - 	Entry: C:\sts-4.30.0.RELEASE\plugins\com.google.guava.failureaccess_1.0.2.jar
2026-01-01 23:13:21,830 [Worker-16: Launching eduride_backend] INFO  o.e.m.i.launch.MavenLaunchDelegate - Run build in "C:\Users\samru\Desktop\EduRide\CDAC_Project_Id_26\EduRide_Backend\eduride_backend":
2026-01-01 23:13:21,836 [Worker-16: Launching eduride_backend] INFO  o.e.m.i.launch.MavenLaunchDelegate -  mvn  -B -Dstyle.color=always clean compile
2026-01-01 23:13:33,334 [Worker-14: Updating Maven Project] INFO  o.e.m.c.i.p.ProjectConfigurationManager - Update started
2026-01-01 23:13:33,766 [Worker-14: Updating Maven Project] INFO  o.e.m.c.i.l.LifecycleMappingFactory - Using org.eclipse.m2e.jdt.JarLifecycleMapping lifecycle mapping for MavenProject: com.cdac:springboot_backend_template:0.0.1 @ C:\Users\samru\Desktop\EduRide\CDAC_Project_Id_26\EduRide_Backend\eduride_backend\pom.xml.
2026-01-01 23:13:34,583 [Worker-14: Updating Maven Project] INFO  o.e.m.j.i.AbstractJavaProjectConfigurator - Adding source folder /springboot_backend_template/src/main/java
2026-01-01 23:13:34,584 [Worker-14: Updating Maven Project] INFO  o.e.m.j.i.AbstractJavaProjectConfigurator - Adding resource folder /springboot_backend_template/src/main/resources
2026-01-01 23:13:34,585 [Worker-14: Updating Maven Project] INFO  o.e.m.j.i.AbstractJavaProjectConfigurator - Adding resource folder /springboot_backend_template/src/main/resources
2026-01-01 23:13:34,585 [Worker-14: Updating Maven Project] INFO  o.e.m.j.i.AbstractJavaProjectConfigurator - Adding source folder /springboot_backend_template/src/test/java
2026-01-01 23:13:34,585 [Worker-14: Updating Maven Project] INFO  o.e.m.j.i.AbstractJavaProjectConfigurator - Adding resource folder /springboot_backend_template/src/test/resources
2026-01-01 23:13:34,981 [Worker-14: Updating Maven Project] INFO  o.e.m.c.i.p.ProjectConfigurationManager - Update completed for 1 poms: local refresh takes 0.00 sec, refresh facades takes 1.00 sec, update config takes 0.00 sec 
2026-01-01 23:13:35,628 [Worker-1: Building] INFO  o.a.m.s.f.DefaultMavenResourcesFiltering - Copying 1 resource from src\main\resources to target\classes
2026-01-01 23:13:35,654 [Worker-1: Building] INFO  o.a.m.s.f.DefaultMavenResourcesFiltering - Copying 0 resource from src\main\resources to target\classes
2026-01-01 23:13:35,665 [Worker-1: Building] INFO  o.a.m.s.f.DefaultMavenResourcesFiltering - skip non existing resourceDirectory C:\Users\samru\Desktop\EduRide\CDAC_Project_Id_26\EduRide_Backend\eduride_backend\src\test\resources
