2026-01-27 12:42:25,777 [Worker-6: Loading available Gradle versions] INFO  o.e.b.c.i.u.g.PublishedGradleVersions - Gradle version information cache is not available. Remote download required.
2026-01-27 12:44:44,806 [Worker-11: Importing Maven projects] INFO  o.e.m.c.i.l.LifecycleMappingFactory - Using org.eclipse.m2e.jdt.JarLifecycleMapping lifecycle mapping for MavenProject: com.cdac:springboot_backend_template:0.0.1 @ C:\Users\samru\Desktop\Projects\CDAC_Project_Id_26\EduRide_Backend\eduride_backend\pom.xml.
2026-01-27 12:44:47,916 [Worker-11: Importing Maven projects] INFO  o.e.m.j.i.AbstractJavaProjectConfigurator - Adding source folder /springboot_backend_template/src/main/java
2026-01-27 12:44:47,919 [Worker-11: Importing Maven projects] INFO  o.e.m.j.i.AbstractJavaProjectConfigurator - Adding resource folder /springboot_backend_template/src/main/resources
2026-01-27 12:44:47,921 [Worker-11: Importing Maven projects] INFO  o.e.m.j.i.AbstractJavaProjectConfigurator - Adding resource folder /springboot_backend_template/src/main/resources
2026-01-27 12:44:47,922 [Worker-11: Importing Maven projects] INFO  o.e.m.j.i.AbstractJavaProjectConfigurator - Adding source folder /springboot_backend_template/src/test/java
2026-01-27 12:44:47,924 [Worker-11: Importing Maven projects] INFO  o.e.m.j.i.AbstractJavaProjectConfigurator - Adding resource folder /springboot_backend_template/src/test/resources
2026-01-27 12:44:48,409 [Worker-11: Importing Maven projects] INFO  o.e.m.c.i.p.ProjectConfigurationManager - Imported and configured 1 project(s) in 6 sec
2026-01-27 12:44:52,716 [Worker-3: Building] INFO  o.a.m.s.f.DefaultMavenResourcesFiltering - Copying 1 resource from src\main\resources to target\classes
2026-01-27 12:44:52,744 [Worker-3: Building] INFO  o.a.m.s.f.DefaultMavenResourcesFiltering - Copying 0 resource from src\main\resources to target\classes
2026-01-27 12:44:52,752 [Worker-3: Building] INFO  o.a.m.s.f.DefaultMavenResourcesFiltering - skip non existing resourceDirectory C:\Users\samru\Desktop\Projects\CDAC_Project_Id_26\EduRide_Backend\eduride_backend\src\test\resources
2026-01-27 12:45:02,588 [Worker-12: Updating Maven Project] INFO  o.e.m.c.i.p.ProjectConfigurationManager - Update started
2026-01-27 12:45:03,233 [Worker-12: Updating Maven Project] INFO  o.e.m.c.i.l.LifecycleMappingFactory - Using org.eclipse.m2e.jdt.JarLifecycleMapping lifecycle mapping for MavenProject: com.cdac:springboot_backend_template:0.0.1 @ C:\Users\samru\Desktop\Projects\CDAC_Project_Id_26\EduRide_Backend\eduride_backend\pom.xml.
2026-01-27 12:45:04,349 [Worker-12: Updating Maven Project] INFO  o.e.m.j.i.AbstractJavaProjectConfigurator - Adding source folder /springboot_backend_template/src/main/java
2026-01-27 12:45:04,350 [Worker-12: Updating Maven Project] INFO  o.e.m.j.i.AbstractJavaProjectConfigurator - Adding resource folder /springboot_backend_template/src/main/resources
2026-01-27 12:45:04,351 [Worker-12: Updating Maven Project] INFO  o.e.m.j.i.AbstractJavaProjectConfigurator - Adding resource folder /springboot_backend_template/src/main/resources
2026-01-27 12:45:04,352 [Worker-12: Updating Maven Project] INFO  o.e.m.j.i.AbstractJavaProjectConfigurator - Adding source folder /springboot_backend_template/src/test/java
2026-01-27 12:45:04,353 [Worker-12: Updating Maven Project] INFO  o.e.m.j.i.AbstractJavaProjectConfigurator - Adding resource folder /springboot_backend_template/src/test/resources
2026-01-27 12:45:04,801 [Worker-12: Updating Maven Project] INFO  o.e.m.c.i.p.ProjectConfigurationManager - Update completed for 1 poms: local refresh takes 0.00 sec, refresh facades takes 1.00 sec, update config takes 0.00 sec 
2026-01-27 12:45:05,719 [Worker-4: Building] INFO  o.a.m.s.f.DefaultMavenResourcesFiltering - Copying 1 resource from src\main\resources to target\classes
2026-01-27 12:45:05,741 [Worker-4: Building] INFO  o.a.m.s.f.DefaultMavenResourcesFiltering - Copying 0 resource from src\main\resources to target\classes
2026-01-27 12:45:05,747 [Worker-4: Building] INFO  o.a.m.s.f.DefaultMavenResourcesFiltering - skip non existing resourceDirectory C:\Users\samru\Desktop\Projects\CDAC_Project_Id_26\EduRide_Backend\eduride_backend\src\test\resources
2026-01-27 12:45:10,108 [main] INFO  o.e.m2e.actions.ExecutePomAction - Creating new launch configuration
2026-01-27 12:45:36,492 [Worker-6: Launching eduride_backend] INFO  o.eclipse.m2e.core.internal.Bundles - getClasspathEntries(Bundle=org.eclipse.m2e.maven.runtime_3.9.900.20250220-2013 [361])
2026-01-27 12:45:36,495 [Worker-6: Launching eduride_backend] INFO  o.eclipse.m2e.core.internal.Bundles - 	Entry: C:\sts-4.30.0.RELEASE\plugins\org.eclipse.m2e.maven.runtime_3.9.900.20250220-2013
2026-01-27 12:45:36,495 [Worker-6: Launching eduride_backend] INFO  o.eclipse.m2e.core.internal.Bundles - 	Entry: C:\sts-4.30.0.RELEASE\plugins\org.eclipse.m2e.maven.runtime_3.9.900.20250220-2013\jars\aopalliance-1.0.jar
2026-01-27 12:45:36,496 [Worker-6: Launching eduride_backend] INFO  o.eclipse.m2e.core.internal.Bundles - 	Entry: C:\sts-4.30.0.RELEASE\plugins\org.eclipse.m2e.maven.runtime_3.9.900.20250220-2013\jars\guice-5.1.0.jar
2026-01-27 12:45:36,496 [Worker-6: Launching eduride_backend] INFO  o.eclipse.m2e.core.internal.Bundles - 	Entry: C:\sts-4.30.0.RELEASE\plugins\org.eclipse.m2e.maven.runtime_3.9.900.20250220-2013\jars\httpclient-4.5.14.jar
2026-01-27 12:45:36,496 [Worker-6: Launching eduride_backend] INFO  o.eclipse.m2e.core.internal.Bundles - 	Entry: C:\sts-4.30.0.RELEASE\plugins\org.eclipse.m2e.maven.runtime_3.9.900.20250220-2013\jars\httpcore-4.4.16.jar
2026-01-27 12:45:36,497 [Worker-6: Launching eduride_backend] INFO  o.eclipse.m2e.core.internal.Bundles - 	Entry: C:\sts-4.30.0.RELEASE\plugins\org.eclipse.m2e.maven.runtime_3.9.900.20250220-2013\jars\jansi-2.4.1.jar
2026-01-27 12:45:36,497 [Worker-6: Launching eduride_backend] INFO  o.eclipse.m2e.core.internal.Bundles - 	Entry: C:\sts-4.30.0.RELEASE\plugins\org.eclipse.m2e.maven.runtime_3.9.900.20250220-2013\jars\jcl-over-slf4j-1.7.36.jar
2026-01-27 12:45:36,497 [Worker-6: Launching eduride_backend] INFO  o.eclipse.m2e.core.internal.Bundles - 	Entry: C:\sts-4.30.0.RELEASE\plugins\org.eclipse.m2e.maven.runtime_3.9.900.20250220-2013\jars\maven-artifact-3.9.9.jar
2026-01-27 12:45:36,497 [Worker-6: Launching eduride_backend] INFO  o.eclipse.m2e.core.internal.Bundles - 	Entry: C:\sts-4.30.0.RELEASE\plugins\org.eclipse.m2e.maven.runtime_3.9.900.20250220-2013\jars\maven-builder-support-3.9.9.jar
2026-01-27 12:45:36,498 [Worker-6: Launching eduride_backend] INFO  o.eclipse.m2e.core.internal.Bundles - 	Entry: C:\sts-4.30.0.RELEASE\plugins\org.eclipse.m2e.maven.runtime_3.9.900.20250220-2013\jars\maven-compat-3.9.9.jar
2026-01-27 12:45:36,498 [Worker-6: Launching eduride_backend] INFO  o.eclipse.m2e.core.internal.Bundles - 	Entry: C:\sts-4.30.0.RELEASE\plugins\org.eclipse.m2e.maven.runtime_3.9.900.20250220-2013\jars\maven-core-3.9.9.jar
2026-01-27 12:45:36,498 [Worker-6: Launching eduride_backend] INFO  o.eclipse.m2e.core.internal.Bundles - 	Entry: C:\sts-4.30.0.RELEASE\plugins\org.eclipse.m2e.maven.runtime_3.9.900.20250220-2013\jars\maven-embedder-3.9.9.jar
2026-01-27 12:45:36,499 [Worker-6: Launching eduride_backend] INFO  o.eclipse.m2e.core.internal.Bundles - 	Entry: C:\sts-4.30.0.RELEASE\plugins\org.eclipse.m2e.maven.runtime_3.9.900.20250220-2013\jars\maven-model-3.9.9.jar
2026-01-27 12:45:36,499 [Worker-6: Launching eduride_backend] INFO  o.eclipse.m2e.core.internal.Bundles - 	Entry: C:\sts-4.30.0.RELEASE\plugins\org.eclipse.m2e.maven.runtime_3.9.900.20250220-2013\jars\maven-model-builder-3.9.9.jar
2026-01-27 12:45:36,499 [Worker-6: Launching eduride_backend] INFO  o.eclipse.m2e.core.internal.Bundles - 	Entry: C:\sts-4.30.0.RELEASE\plugins\org.eclipse.m2e.maven.runtime_3.9.900.20250220-2013\jars\maven-plugin-api-3.9.9.jar
2026-01-27 12:45:36,499 [Worker-6: Launching eduride_backend] INFO  o.eclipse.m2e.core.internal.Bundles - 	Entry: C:\sts-4.30.0.RELEASE\plugins\org.eclipse.m2e.maven.runtime_3.9.900.20250220-2013\jars\maven-repository-metadata-3.9.9.jar
2026-01-27 12:45:36,499 [Worker-6: Launching eduride_backend] INFO  o.eclipse.m2e.core.internal.Bundles - 	Entry: C:\sts-4.30.0.RELEASE\plugins\org.eclipse.m2e.maven.runtime_3.9.900.20250220-2013\jars\maven-resolver-api-1.9.22.jar
2026-01-27 12:45:36,501 [Worker-6: Launching eduride_backend] INFO  o.eclipse.m2e.core.internal.Bundles - 	Entry: C:\sts-4.30.0.RELEASE\plugins\org.eclipse.m2e.maven.runtime_3.9.900.20250220-2013\jars\maven-resolver-connector-basic-1.9.22.jar
2026-01-27 12:45:36,501 [Worker-6: Launching eduride_backend] INFO  o.eclipse.m2e.core.internal.Bundles - 	Entry: C:\sts-4.30.0.RELEASE\plugins\org.eclipse.m2e.maven.runtime_3.9.900.20250220-2013\jars\maven-resolver-impl-1.9.22.jar
2026-01-27 12:45:36,501 [Worker-6: Launching eduride_backend] INFO  o.eclipse.m2e.core.internal.Bundles - 	Entry: C:\sts-4.30.0.RELEASE\plugins\org.eclipse.m2e.maven.runtime_3.9.900.20250220-2013\jars\maven-resolver-named-locks-1.9.22.jar
2026-01-27 12:45:36,501 [Worker-6: Launching eduride_backend] INFO  o.eclipse.m2e.core.internal.Bundles - 	Entry: C:\sts-4.30.0.RELEASE\plugins\org.eclipse.m2e.maven.runtime_3.9.900.20250220-2013\jars\maven-resolver-provider-3.9.9.jar
2026-01-27 12:45:36,502 [Worker-6: Launching eduride_backend] INFO  o.eclipse.m2e.core.internal.Bundles - 	Entry: C:\sts-4.30.0.RELEASE\plugins\org.eclipse.m2e.maven.runtime_3.9.900.20250220-2013\jars\maven-resolver-spi-1.9.22.jar
2026-01-27 12:45:36,502 [Worker-6: Launching eduride_backend] INFO  o.eclipse.m2e.core.internal.Bundles - 	Entry: C:\sts-4.30.0.RELEASE\plugins\org.eclipse.m2e.maven.runtime_3.9.900.20250220-2013\jars\maven-resolver-transport-file-1.9.22.jar
2026-01-27 12:45:36,502 [Worker-6: Launching eduride_backend] INFO  o.eclipse.m2e.core.internal.Bundles - 	Entry: C:\sts-4.30.0.RELEASE\plugins\org.eclipse.m2e.maven.runtime_3.9.900.20250220-2013\jars\maven-resolver-transport-http-1.9.22.jar
2026-01-27 12:45:36,502 [Worker-6: Launching eduride_backend] INFO  o.eclipse.m2e.core.internal.Bundles - 	Entry: C:\sts-4.30.0.RELEASE\plugins\org.eclipse.m2e.maven.runtime_3.9.900.20250220-2013\jars\maven-resolver-transport-wagon-1.9.22.jar
2026-01-27 12:45:36,503 [Worker-6: Launching eduride_backend] INFO  o.eclipse.m2e.core.internal.Bundles - 	Entry: C:\sts-4.30.0.RELEASE\plugins\org.eclipse.m2e.maven.runtime_3.9.900.20250220-2013\jars\maven-resolver-util-1.9.22.jar
2026-01-27 12:45:36,503 [Worker-6: Launching eduride_backend] INFO  o.eclipse.m2e.core.internal.Bundles - 	Entry: C:\sts-4.30.0.RELEASE\plugins\org.eclipse.m2e.maven.runtime_3.9.900.20250220-2013\jars\maven-settings-3.9.9.jar
2026-01-27 12:45:36,503 [Worker-6: Launching eduride_backend] INFO  o.eclipse.m2e.core.internal.Bundles - 	Entry: C:\sts-4.30.0.RELEASE\plugins\org.eclipse.m2e.maven.runtime_3.9.900.20250220-2013\jars\maven-settings-builder-3.9.9.jar
2026-01-27 12:45:36,504 [Worker-6: Launching eduride_backend] INFO  o.eclipse.m2e.core.internal.Bundles - 	Entry: C:\sts-4.30.0.RELEASE\plugins\org.eclipse.m2e.maven.runtime_3.9.900.20250220-2013\jars\maven-shared-utils-3.4.2.jar
2026-01-27 12:45:36,504 [Worker-6: Launching eduride_backend] INFO  o.eclipse.m2e.core.internal.Bundles - 	Entry: C:\sts-4.30.0.RELEASE\plugins\org.eclipse.m2e.maven.runtime_3.9.900.20250220-2013\jars\org.eclipse.sisu.inject-0.9.0.M3.jar
2026-01-27 12:45:36,504 [Worker-6: Launching eduride_backend] INFO  o.eclipse.m2e.core.internal.Bundles - 	Entry: C:\sts-4.30.0.RELEASE\plugins\org.eclipse.m2e.maven.runtime_3.9.900.20250220-2013\jars\org.eclipse.sisu.plexus-0.9.0.M3.jar
2026-01-27 12:45:36,504 [Worker-6: Launching eduride_backend] INFO  o.eclipse.m2e.core.internal.Bundles - 	Entry: C:\sts-4.30.0.RELEASE\plugins\org.eclipse.m2e.maven.runtime_3.9.900.20250220-2013\jars\plexus-build-api-0.0.7.jar
2026-01-27 12:45:36,505 [Worker-6: Launching eduride_backend] INFO  o.eclipse.m2e.core.internal.Bundles - 	Entry: C:\sts-4.30.0.RELEASE\plugins\org.eclipse.m2e.maven.runtime_3.9.900.20250220-2013\jars\plexus-build-api-1.2.0.jar
2026-01-27 12:45:36,505 [Worker-6: Launching eduride_backend] INFO  o.eclipse.m2e.core.internal.Bundles - 	Entry: C:\sts-4.30.0.RELEASE\plugins\org.eclipse.m2e.maven.runtime_3.9.900.20250220-2013\jars\plexus-cipher-2.0.jar
2026-01-27 12:45:36,505 [Worker-6: Launching eduride_backend] INFO  o.eclipse.m2e.core.internal.Bundles - 	Entry: C:\sts-4.30.0.RELEASE\plugins\org.eclipse.m2e.maven.runtime_3.9.900.20250220-2013\jars\plexus-classworlds-2.8.0.jar
2026-01-27 12:45:36,505 [Worker-6: Launching eduride_backend] INFO  o.eclipse.m2e.core.internal.Bundles - 	Entry: C:\sts-4.30.0.RELEASE\plugins\org.eclipse.m2e.maven.runtime_3.9.900.20250220-2013\jars\plexus-component-annotations-2.1.0.jar
2026-01-27 12:45:36,505 [Worker-6: Launching eduride_backend] INFO  o.eclipse.m2e.core.internal.Bundles - 	Entry: C:\sts-4.30.0.RELEASE\plugins\org.eclipse.m2e.maven.runtime_3.9.900.20250220-2013\jars\plexus-interpolation-1.27.jar
2026-01-27 12:45:36,505 [Worker-6: Launching eduride_backend] INFO  o.eclipse.m2e.core.internal.Bundles - 	Entry: C:\sts-4.30.0.RELEASE\plugins\org.eclipse.m2e.maven.runtime_3.9.900.20250220-2013\jars\plexus-sec-dispatcher-2.0.jar
2026-01-27 12:45:36,506 [Worker-6: Launching eduride_backend] INFO  o.eclipse.m2e.core.internal.Bundles - 	Entry: C:\sts-4.30.0.RELEASE\plugins\org.eclipse.m2e.maven.runtime_3.9.900.20250220-2013\jars\plexus-utils-3.5.1.jar
2026-01-27 12:45:36,506 [Worker-6: Launching eduride_backend] INFO  o.eclipse.m2e.core.internal.Bundles - 	Entry: C:\sts-4.30.0.RELEASE\plugins\org.eclipse.m2e.maven.runtime_3.9.900.20250220-2013\jars\plexus-xml-3.0.1.jar
2026-01-27 12:45:36,506 [Worker-6: Launching eduride_backend] INFO  o.eclipse.m2e.core.internal.Bundles - 	Entry: C:\sts-4.30.0.RELEASE\plugins\org.eclipse.m2e.maven.runtime_3.9.900.20250220-2013\jars\wagon-file-3.5.3.jar
2026-01-27 12:45:36,506 [Worker-6: Launching eduride_backend] INFO  o.eclipse.m2e.core.internal.Bundles - 	Entry: C:\sts-4.30.0.RELEASE\plugins\org.eclipse.m2e.maven.runtime_3.9.900.20250220-2013\jars\wagon-http-3.5.3.jar
2026-01-27 12:45:36,506 [Worker-6: Launching eduride_backend] INFO  o.eclipse.m2e.core.internal.Bundles - 	Entry: C:\sts-4.30.0.RELEASE\plugins\org.eclipse.m2e.maven.runtime_3.9.900.20250220-2013\jars\wagon-http-shared-3.5.3.jar
2026-01-27 12:45:36,506 [Worker-6: Launching eduride_backend] INFO  o.eclipse.m2e.core.internal.Bundles - 	Entry: C:\sts-4.30.0.RELEASE\plugins\org.eclipse.m2e.maven.runtime_3.9.900.20250220-2013\jars\wagon-provider-api-3.5.3.jar
2026-01-27 12:45:36,508 [Worker-6: Launching eduride_backend] INFO  o.eclipse.m2e.core.internal.Bundles - getClasspathEntries(Bundle=com.google.guava_33.4.0.jre [29])
2026-01-27 12:45:36,508 [Worker-6: Launching eduride_backend] INFO  o.eclipse.m2e.core.internal.Bundles - 	Entry: C:\sts-4.30.0.RELEASE\plugins\com.google.guava_33.4.0.jre.jar
2026-01-27 12:45:36,508 [Worker-6: Launching eduride_backend] INFO  o.eclipse.m2e.core.internal.Bundles - getClasspathEntries(Bundle=slf4j.api_2.0.17 [608])
2026-01-27 12:45:36,509 [Worker-6: Launching eduride_backend] INFO  o.eclipse.m2e.core.internal.Bundles - 	Entry: C:\sts-4.30.0.RELEASE\plugins\slf4j.api_2.0.17.jar
2026-01-27 12:45:36,509 [Worker-6: Launching eduride_backend] INFO  o.eclipse.m2e.core.internal.Bundles - getClasspathEntries(Bundle=javax.inject_1.0.0.v20220405-0441 [759])
2026-01-27 12:45:36,509 [Worker-6: Launching eduride_backend] INFO  o.eclipse.m2e.core.internal.Bundles - 	Entry: C:\sts-4.30.0.RELEASE\plugins\javax.inject_1.0.0.v20220405-0441.jar
2026-01-27 12:45:36,509 [Worker-6: Launching eduride_backend] INFO  o.eclipse.m2e.core.internal.Bundles - getClasspathEntries(Bundle=javax.annotation_1.3.5.v20230504-0748 [758])
2026-01-27 12:45:36,509 [Worker-6: Launching eduride_backend] INFO  o.eclipse.m2e.core.internal.Bundles - 	Entry: C:\sts-4.30.0.RELEASE\plugins\javax.annotation_1.3.5.v20230504-0748.jar
2026-01-27 12:45:36,509 [Worker-6: Launching eduride_backend] INFO  o.eclipse.m2e.core.internal.Bundles - getClasspathEntries(Bundle=org.apache.commons.cli_1.9.0 [77])
2026-01-27 12:45:36,509 [Worker-6: Launching eduride_backend] INFO  o.eclipse.m2e.core.internal.Bundles - 	Entry: C:\sts-4.30.0.RELEASE\plugins\org.apache.commons.cli_1.9.0.jar
2026-01-27 12:45:36,509 [Worker-6: Launching eduride_backend] INFO  o.eclipse.m2e.core.internal.Bundles - getClasspathEntries(Bundle=org.apache.commons.commons-codec_1.16.0 [79])
2026-01-27 12:45:36,510 [Worker-6: Launching eduride_backend] INFO  o.eclipse.m2e.core.internal.Bundles - 	Entry: C:\sts-4.30.0.RELEASE\plugins\org.apache.commons.commons-codec_1.16.0.jar
2026-01-27 12:45:36,510 [Worker-6: Launching eduride_backend] INFO  o.eclipse.m2e.core.internal.Bundles - getClasspathEntries(Bundle=com.google.guava.failureaccess_1.0.2 [30])
2026-01-27 12:45:36,510 [Worker-6: Launching eduride_backend] INFO  o.eclipse.m2e.core.internal.Bundles - 	Entry: C:\sts-4.30.0.RELEASE\plugins\com.google.guava.failureaccess_1.0.2.jar
2026-01-27 12:45:36,516 [Worker-6: Launching eduride_backend] INFO  o.e.m.i.launch.MavenLaunchDelegate - Run build in "C:\Users\samru\Desktop\Projects\CDAC_Project_Id_26\EduRide_Backend\eduride_backend":
2026-01-27 12:45:36,519 [Worker-6: Launching eduride_backend] INFO  o.e.m.i.launch.MavenLaunchDelegate -  mvn  -B -Dstyle.color=always clean compile
2026-01-27 12:53:58,179 [Worker-7: Building] INFO  o.a.m.s.f.DefaultMavenResourcesFiltering - Copying 1 resource from src\main\resources to target\classes
2026-01-27 12:53:58,191 [Worker-7: Building] INFO  o.a.m.s.f.DefaultMavenResourcesFiltering - Copying 0 resource from src\main\resources to target\classes
2026-01-27 12:53:58,195 [Worker-7: Building] INFO  o.a.m.s.f.DefaultMavenResourcesFiltering - skip non existing resourceDirectory C:\Users\samru\Desktop\Projects\CDAC_Project_Id_26\EduRide_Backend\eduride_backend\src\test\resources
2026-01-27 13:00:27,173 [Worker-4: Building] INFO  o.a.m.s.f.DefaultMavenResourcesFiltering - Copying 1 resource from src\main\resources to target\classes
2026-01-27 13:00:27,199 [Worker-4: Building] INFO  o.a.m.s.f.DefaultMavenResourcesFiltering - Copying 0 resource from src\main\resources to target\classes
2026-01-27 13:00:27,204 [Worker-4: Building] INFO  o.a.m.s.f.DefaultMavenResourcesFiltering - skip non existing resourceDirectory C:\Users\samru\Desktop\Projects\CDAC_Project_Id_26\EduRide_Backend\eduride_backend\src\test\resources
2026-01-27 13:12:57,429 [Worker-9: Building] INFO  o.a.m.s.f.DefaultMavenResourcesFiltering - Copying 1 resource from src\main\resources to target\classes
2026-01-27 13:12:57,455 [Worker-9: Building] INFO  o.a.m.s.f.DefaultMavenResourcesFiltering - Copying 0 resource from src\main\resources to target\classes
2026-01-27 13:12:57,459 [Worker-9: Building] INFO  o.a.m.s.f.DefaultMavenResourcesFiltering - skip non existing resourceDirectory C:\Users\samru\Desktop\Projects\CDAC_Project_Id_26\EduRide_Backend\eduride_backend\src\test\resources
2026-01-27 13:23:07,213 [Worker-16: Building] INFO  o.a.m.s.f.DefaultMavenResourcesFiltering - Copying 1 resource from src\main\resources to target\classes
2026-01-27 13:23:07,241 [Worker-16: Building] INFO  o.a.m.s.f.DefaultMavenResourcesFiltering - Copying 0 resource from src\main\resources to target\classes
2026-01-27 13:23:07,251 [Worker-16: Building] INFO  o.a.m.s.f.DefaultMavenResourcesFiltering - skip non existing resourceDirectory C:\Users\samru\Desktop\Projects\CDAC_Project_Id_26\EduRide_Backend\eduride_backend\src\test\resources
2026-01-27 13:24:08,781 [main] INFO  o.e.m2e.actions.ExecutePomAction - Creating new launch configuration
2026-01-27 13:24:17,951 [Worker-16: Launching eduride_backend (1)] INFO  o.eclipse.m2e.core.internal.Bundles - getClasspathEntries(Bundle=org.eclipse.m2e.maven.runtime_3.9.900.20250220-2013 [361])
2026-01-27 13:24:17,952 [Worker-16: Launching eduride_backend (1)] INFO  o.eclipse.m2e.core.internal.Bundles - 	Entry: C:\sts-4.30.0.RELEASE\plugins\org.eclipse.m2e.maven.runtime_3.9.900.20250220-2013
2026-01-27 13:24:17,954 [Worker-16: Launching eduride_backend (1)] INFO  o.eclipse.m2e.core.internal.Bundles - 	Entry: C:\sts-4.30.0.RELEASE\plugins\org.eclipse.m2e.maven.runtime_3.9.900.20250220-2013\jars\aopalliance-1.0.jar
2026-01-27 13:24:17,954 [Worker-16: Launching eduride_backend (1)] INFO  o.eclipse.m2e.core.internal.Bundles - 	Entry: C:\sts-4.30.0.RELEASE\plugins\org.eclipse.m2e.maven.runtime_3.9.900.20250220-2013\jars\guice-5.1.0.jar
2026-01-27 13:24:17,954 [Worker-16: Launching eduride_backend (1)] INFO  o.eclipse.m2e.core.internal.Bundles - 	Entry: C:\sts-4.30.0.RELEASE\plugins\org.eclipse.m2e.maven.runtime_3.9.900.20250220-2013\jars\httpclient-4.5.14.jar
2026-01-27 13:24:17,955 [Worker-16: Launching eduride_backend (1)] INFO  o.eclipse.m2e.core.internal.Bundles - 	Entry: C:\sts-4.30.0.RELEASE\plugins\org.eclipse.m2e.maven.runtime_3.9.900.20250220-2013\jars\httpcore-4.4.16.jar
2026-01-27 13:24:17,955 [Worker-16: Launching eduride_backend (1)] INFO  o.eclipse.m2e.core.internal.Bundles - 	Entry: C:\sts-4.30.0.RELEASE\plugins\org.eclipse.m2e.maven.runtime_3.9.900.20250220-2013\jars\jansi-2.4.1.jar
2026-01-27 13:24:17,955 [Worker-16: Launching eduride_backend (1)] INFO  o.eclipse.m2e.core.internal.Bundles - 	Entry: C:\sts-4.30.0.RELEASE\plugins\org.eclipse.m2e.maven.runtime_3.9.900.20250220-2013\jars\jcl-over-slf4j-1.7.36.jar
2026-01-27 13:24:17,955 [Worker-16: Launching eduride_backend (1)] INFO  o.eclipse.m2e.core.internal.Bundles - 	Entry: C:\sts-4.30.0.RELEASE\plugins\org.eclipse.m2e.maven.runtime_3.9.900.20250220-2013\jars\maven-artifact-3.9.9.jar
2026-01-27 13:24:17,957 [Worker-16: Launching eduride_backend (1)] INFO  o.eclipse.m2e.core.internal.Bundles - 	Entry: C:\sts-4.30.0.RELEASE\plugins\org.eclipse.m2e.maven.runtime_3.9.900.20250220-2013\jars\maven-builder-support-3.9.9.jar
2026-01-27 13:24:17,957 [Worker-16: Launching eduride_backend (1)] INFO  o.eclipse.m2e.core.internal.Bundles - 	Entry: C:\sts-4.30.0.RELEASE\plugins\org.eclipse.m2e.maven.runtime_3.9.900.20250220-2013\jars\maven-compat-3.9.9.jar
2026-01-27 13:24:17,957 [Worker-16: Launching eduride_backend (1)] INFO  o.eclipse.m2e.core.internal.Bundles - 	Entry: C:\sts-4.30.0.RELEASE\plugins\org.eclipse.m2e.maven.runtime_3.9.900.20250220-2013\jars\maven-core-3.9.9.jar
2026-01-27 13:24:17,957 [Worker-16: Launching eduride_backend (1)] INFO  o.eclipse.m2e.core.internal.Bundles - 	Entry: C:\sts-4.30.0.RELEASE\plugins\org.eclipse.m2e.maven.runtime_3.9.900.20250220-2013\jars\maven-embedder-3.9.9.jar
2026-01-27 13:24:17,958 [Worker-16: Launching eduride_backend (1)] INFO  o.eclipse.m2e.core.internal.Bundles - 	Entry: C:\sts-4.30.0.RELEASE\plugins\org.eclipse.m2e.maven.runtime_3.9.900.20250220-2013\jars\maven-model-3.9.9.jar
2026-01-27 13:24:17,958 [Worker-16: Launching eduride_backend (1)] INFO  o.eclipse.m2e.core.internal.Bundles - 	Entry: C:\sts-4.30.0.RELEASE\plugins\org.eclipse.m2e.maven.runtime_3.9.900.20250220-2013\jars\maven-model-builder-3.9.9.jar
2026-01-27 13:24:17,958 [Worker-16: Launching eduride_backend (1)] INFO  o.eclipse.m2e.core.internal.Bundles - 	Entry: C:\sts-4.30.0.RELEASE\plugins\org.eclipse.m2e.maven.runtime_3.9.900.20250220-2013\jars\maven-plugin-api-3.9.9.jar
2026-01-27 13:24:17,958 [Worker-16: Launching eduride_backend (1)] INFO  o.eclipse.m2e.core.internal.Bundles - 	Entry: C:\sts-4.30.0.RELEASE\plugins\org.eclipse.m2e.maven.runtime_3.9.900.20250220-2013\jars\maven-repository-metadata-3.9.9.jar
2026-01-27 13:24:17,960 [Worker-16: Launching eduride_backend (1)] INFO  o.eclipse.m2e.core.internal.Bundles - 	Entry: C:\sts-4.30.0.RELEASE\plugins\org.eclipse.m2e.maven.runtime_3.9.900.20250220-2013\jars\maven-resolver-api-1.9.22.jar
2026-01-27 13:24:17,960 [Worker-16: Launching eduride_backend (1)] INFO  o.eclipse.m2e.core.internal.Bundles - 	Entry: C:\sts-4.30.0.RELEASE\plugins\org.eclipse.m2e.maven.runtime_3.9.900.20250220-2013\jars\maven-resolver-connector-basic-1.9.22.jar
2026-01-27 13:24:17,961 [Worker-16: Launching eduride_backend (1)] INFO  o.eclipse.m2e.core.internal.Bundles - 	Entry: C:\sts-4.30.0.RELEASE\plugins\org.eclipse.m2e.maven.runtime_3.9.900.20250220-2013\jars\maven-resolver-impl-1.9.22.jar
2026-01-27 13:24:17,961 [Worker-16: Launching eduride_backend (1)] INFO  o.eclipse.m2e.core.internal.Bundles - 	Entry: C:\sts-4.30.0.RELEASE\plugins\org.eclipse.m2e.maven.runtime_3.9.900.20250220-2013\jars\maven-resolver-named-locks-1.9.22.jar
2026-01-27 13:24:17,961 [Worker-16: Launching eduride_backend (1)] INFO  o.eclipse.m2e.core.internal.Bundles - 	Entry: C:\sts-4.30.0.RELEASE\plugins\org.eclipse.m2e.maven.runtime_3.9.900.20250220-2013\jars\maven-resolver-provider-3.9.9.jar
2026-01-27 13:24:17,961 [Worker-16: Launching eduride_backend (1)] INFO  o.eclipse.m2e.core.internal.Bundles - 	Entry: C:\sts-4.30.0.RELEASE\plugins\org.eclipse.m2e.maven.runtime_3.9.900.20250220-2013\jars\maven-resolver-spi-1.9.22.jar
2026-01-27 13:24:17,961 [Worker-16: Launching eduride_backend (1)] INFO  o.eclipse.m2e.core.internal.Bundles - 	Entry: C:\sts-4.30.0.RELEASE\plugins\org.eclipse.m2e.maven.runtime_3.9.900.20250220-2013\jars\maven-resolver-transport-file-1.9.22.jar
2026-01-27 13:24:17,961 [Worker-16: Launching eduride_backend (1)] INFO  o.eclipse.m2e.core.internal.Bundles - 	Entry: C:\sts-4.30.0.RELEASE\plugins\org.eclipse.m2e.maven.runtime_3.9.900.20250220-2013\jars\maven-resolver-transport-http-1.9.22.jar
2026-01-27 13:24:17,961 [Worker-16: Launching eduride_backend (1)] INFO  o.eclipse.m2e.core.internal.Bundles - 	Entry: C:\sts-4.30.0.RELEASE\plugins\org.eclipse.m2e.maven.runtime_3.9.900.20250220-2013\jars\maven-resolver-transport-wagon-1.9.22.jar
2026-01-27 13:24:17,962 [Worker-16: Launching eduride_backend (1)] INFO  o.eclipse.m2e.core.internal.Bundles - 	Entry: C:\sts-4.30.0.RELEASE\plugins\org.eclipse.m2e.maven.runtime_3.9.900.20250220-2013\jars\maven-resolver-util-1.9.22.jar
2026-01-27 13:24:17,963 [Worker-16: Launching eduride_backend (1)] INFO  o.eclipse.m2e.core.internal.Bundles - 	Entry: C:\sts-4.30.0.RELEASE\plugins\org.eclipse.m2e.maven.runtime_3.9.900.20250220-2013\jars\maven-settings-3.9.9.jar
2026-01-27 13:24:17,963 [Worker-16: Launching eduride_backend (1)] INFO  o.eclipse.m2e.core.internal.Bundles - 	Entry: C:\sts-4.30.0.RELEASE\plugins\org.eclipse.m2e.maven.runtime_3.9.900.20250220-2013\jars\maven-settings-builder-3.9.9.jar
2026-01-27 13:24:17,965 [Worker-16: Launching eduride_backend (1)] INFO  o.eclipse.m2e.core.internal.Bundles - 	Entry: C:\sts-4.30.0.RELEASE\plugins\org.eclipse.m2e.maven.runtime_3.9.900.20250220-2013\jars\maven-shared-utils-3.4.2.jar
2026-01-27 13:24:17,966 [Worker-16: Launching eduride_backend (1)] INFO  o.eclipse.m2e.core.internal.Bundles - 	Entry: C:\sts-4.30.0.RELEASE\plugins\org.eclipse.m2e.maven.runtime_3.9.900.20250220-2013\jars\org.eclipse.sisu.inject-0.9.0.M3.jar
2026-01-27 13:24:17,966 [Worker-16: Launching eduride_backend (1)] INFO  o.eclipse.m2e.core.internal.Bundles - 	Entry: C:\sts-4.30.0.RELEASE\plugins\org.eclipse.m2e.maven.runtime_3.9.900.20250220-2013\jars\org.eclipse.sisu.plexus-0.9.0.M3.jar
2026-01-27 13:24:17,966 [Worker-16: Launching eduride_backend (1)] INFO  o.eclipse.m2e.core.internal.Bundles - 	Entry: C:\sts-4.30.0.RELEASE\plugins\org.eclipse.m2e.maven.runtime_3.9.900.20250220-2013\jars\plexus-build-api-0.0.7.jar
2026-01-27 13:24:17,967 [Worker-16: Launching eduride_backend (1)] INFO  o.eclipse.m2e.core.internal.Bundles - 	Entry: C:\sts-4.30.0.RELEASE\plugins\org.eclipse.m2e.maven.runtime_3.9.900.20250220-2013\jars\plexus-build-api-1.2.0.jar
2026-01-27 13:24:17,968 [Worker-16: Launching eduride_backend (1)] INFO  o.eclipse.m2e.core.internal.Bundles - 	Entry: C:\sts-4.30.0.RELEASE\plugins\org.eclipse.m2e.maven.runtime_3.9.900.20250220-2013\jars\plexus-cipher-2.0.jar
2026-01-27 13:24:17,968 [Worker-16: Launching eduride_backend (1)] INFO  o.eclipse.m2e.core.internal.Bundles - 	Entry: C:\sts-4.30.0.RELEASE\plugins\org.eclipse.m2e.maven.runtime_3.9.900.20250220-2013\jars\plexus-classworlds-2.8.0.jar
2026-01-27 13:24:17,969 [Worker-16: Launching eduride_backend (1)] INFO  o.eclipse.m2e.core.internal.Bundles - 	Entry: C:\sts-4.30.0.RELEASE\plugins\org.eclipse.m2e.maven.runtime_3.9.900.20250220-2013\jars\plexus-component-annotations-2.1.0.jar
2026-01-27 13:24:17,969 [Worker-16: Launching eduride_backend (1)] INFO  o.eclipse.m2e.core.internal.Bundles - 	Entry: C:\sts-4.30.0.RELEASE\plugins\org.eclipse.m2e.maven.runtime_3.9.900.20250220-2013\jars\plexus-interpolation-1.27.jar
2026-01-27 13:24:17,969 [Worker-16: Launching eduride_backend (1)] INFO  o.eclipse.m2e.core.internal.Bundles - 	Entry: C:\sts-4.30.0.RELEASE\plugins\org.eclipse.m2e.maven.runtime_3.9.900.20250220-2013\jars\plexus-sec-dispatcher-2.0.jar
2026-01-27 13:24:17,970 [Worker-16: Launching eduride_backend (1)] INFO  o.eclipse.m2e.core.internal.Bundles - 	Entry: C:\sts-4.30.0.RELEASE\plugins\org.eclipse.m2e.maven.runtime_3.9.900.20250220-2013\jars\plexus-utils-3.5.1.jar
2026-01-27 13:24:17,971 [Worker-16: Launching eduride_backend (1)] INFO  o.eclipse.m2e.core.internal.Bundles - 	Entry: C:\sts-4.30.0.RELEASE\plugins\org.eclipse.m2e.maven.runtime_3.9.900.20250220-2013\jars\plexus-xml-3.0.1.jar
2026-01-27 13:24:17,971 [Worker-16: Launching eduride_backend (1)] INFO  o.eclipse.m2e.core.internal.Bundles - 	Entry: C:\sts-4.30.0.RELEASE\plugins\org.eclipse.m2e.maven.runtime_3.9.900.20250220-2013\jars\wagon-file-3.5.3.jar
2026-01-27 13:24:17,971 [Worker-16: Launching eduride_backend (1)] INFO  o.eclipse.m2e.core.internal.Bundles - 	Entry: C:\sts-4.30.0.RELEASE\plugins\org.eclipse.m2e.maven.runtime_3.9.900.20250220-2013\jars\wagon-http-3.5.3.jar
2026-01-27 13:24:17,971 [Worker-16: Launching eduride_backend (1)] INFO  o.eclipse.m2e.core.internal.Bundles - 	Entry: C:\sts-4.30.0.RELEASE\plugins\org.eclipse.m2e.maven.runtime_3.9.900.20250220-2013\jars\wagon-http-shared-3.5.3.jar
2026-01-27 13:24:17,972 [Worker-16: Launching eduride_backend (1)] INFO  o.eclipse.m2e.core.internal.Bundles - 	Entry: C:\sts-4.30.0.RELEASE\plugins\org.eclipse.m2e.maven.runtime_3.9.900.20250220-2013\jars\wagon-provider-api-3.5.3.jar
2026-01-27 13:24:17,972 [Worker-16: Launching eduride_backend (1)] INFO  o.eclipse.m2e.core.internal.Bundles - getClasspathEntries(Bundle=com.google.guava_33.4.0.jre [29])
2026-01-27 13:24:17,973 [Worker-16: Launching eduride_backend (1)] INFO  o.eclipse.m2e.core.internal.Bundles - 	Entry: C:\sts-4.30.0.RELEASE\plugins\com.google.guava_33.4.0.jre.jar
2026-01-27 13:24:17,973 [Worker-16: Launching eduride_backend (1)] INFO  o.eclipse.m2e.core.internal.Bundles - getClasspathEntries(Bundle=slf4j.api_2.0.17 [608])
2026-01-27 13:24:17,973 [Worker-16: Launching eduride_backend (1)] INFO  o.eclipse.m2e.core.internal.Bundles - 	Entry: C:\sts-4.30.0.RELEASE\plugins\slf4j.api_2.0.17.jar
2026-01-27 13:24:17,973 [Worker-16: Launching eduride_backend (1)] INFO  o.eclipse.m2e.core.internal.Bundles - getClasspathEntries(Bundle=javax.inject_1.0.0.v20220405-0441 [759])
2026-01-27 13:24:17,974 [Worker-16: Launching eduride_backend (1)] INFO  o.eclipse.m2e.core.internal.Bundles - 	Entry: C:\sts-4.30.0.RELEASE\plugins\javax.inject_1.0.0.v20220405-0441.jar
2026-01-27 13:24:17,974 [Worker-16: Launching eduride_backend (1)] INFO  o.eclipse.m2e.core.internal.Bundles - getClasspathEntries(Bundle=javax.annotation_1.3.5.v20230504-0748 [758])
2026-01-27 13:24:17,974 [Worker-16: Launching eduride_backend (1)] INFO  o.eclipse.m2e.core.internal.Bundles - 	Entry: C:\sts-4.30.0.RELEASE\plugins\javax.annotation_1.3.5.v20230504-0748.jar
2026-01-27 13:24:17,974 [Worker-16: Launching eduride_backend (1)] INFO  o.eclipse.m2e.core.internal.Bundles - getClasspathEntries(Bundle=org.apache.commons.cli_1.9.0 [77])
2026-01-27 13:24:17,975 [Worker-16: Launching eduride_backend (1)] INFO  o.eclipse.m2e.core.internal.Bundles - 	Entry: C:\sts-4.30.0.RELEASE\plugins\org.apache.commons.cli_1.9.0.jar
2026-01-27 13:24:17,975 [Worker-16: Launching eduride_backend (1)] INFO  o.eclipse.m2e.core.internal.Bundles - getClasspathEntries(Bundle=org.apache.commons.commons-codec_1.16.0 [79])
2026-01-27 13:24:17,975 [Worker-16: Launching eduride_backend (1)] INFO  o.eclipse.m2e.core.internal.Bundles - 	Entry: C:\sts-4.30.0.RELEASE\plugins\org.apache.commons.commons-codec_1.16.0.jar
2026-01-27 13:24:17,975 [Worker-16: Launching eduride_backend (1)] INFO  o.eclipse.m2e.core.internal.Bundles - getClasspathEntries(Bundle=com.google.guava.failureaccess_1.0.2 [30])
2026-01-27 13:24:17,976 [Worker-16: Launching eduride_backend (1)] INFO  o.eclipse.m2e.core.internal.Bundles - 	Entry: C:\sts-4.30.0.RELEASE\plugins\com.google.guava.failureaccess_1.0.2.jar
2026-01-27 13:24:17,980 [Worker-16: Launching eduride_backend (1)] INFO  o.e.m.i.launch.MavenLaunchDelegate - Run build in "C:\Users\samru\Desktop\Projects\CDAC_Project_Id_26\EduRide_Backend\eduride_backend":
2026-01-27 13:24:17,980 [Worker-16: Launching eduride_backend (1)] INFO  o.e.m.i.launch.MavenLaunchDelegate -  mvn  -B -Dstyle.color=always clean install
2026-01-27 13:52:01,585 [Worker-9: Launching springboot_backend_template - Application] INFO  o.a.m.s.f.DefaultMavenResourcesFiltering - Copying 1 resource from src\main\resources to target\classes
2026-01-27 13:52:01,693 [Worker-9: Launching springboot_backend_template - Application] INFO  o.a.m.s.f.DefaultMavenResourcesFiltering - Copying 0 resource from src\main\resources to target\classes
2026-01-27 13:52:01,698 [Worker-9: Launching springboot_backend_template - Application] INFO  o.a.m.s.f.DefaultMavenResourcesFiltering - skip non existing resourceDirectory C:\Users\samru\Desktop\Projects\CDAC_Project_Id_26\EduRide_Backend\eduride_backend\src\test\resources
2026-01-27 13:59:38,018 [Worker-24: Building] INFO  o.a.m.s.f.DefaultMavenResourcesFiltering - Copying 1 resource from src\main\resources to target\classes
2026-01-27 13:59:38,063 [Worker-24: Building] INFO  o.a.m.s.f.DefaultMavenResourcesFiltering - Copying 0 resource from src\main\resources to target\classes
2026-01-27 13:59:38,066 [Worker-24: Building] INFO  o.a.m.s.f.DefaultMavenResourcesFiltering - skip non existing resourceDirectory C:\Users\samru\Desktop\Projects\CDAC_Project_Id_26\EduRide_Backend\eduride_backend\src\test\resources
2026-01-27 14:06:44,799 [Worker-24: Building] INFO  o.a.m.s.f.DefaultMavenResourcesFiltering - Copying 1 resource from src\main\resources to target\classes
2026-01-27 14:06:44,822 [Worker-24: Building] INFO  o.a.m.s.f.DefaultMavenResourcesFiltering - Copying 0 resource from src\main\resources to target\classes
2026-01-27 14:06:44,826 [Worker-24: Building] INFO  o.a.m.s.f.DefaultMavenResourcesFiltering - skip non existing resourceDirectory C:\Users\samru\Desktop\Projects\CDAC_Project_Id_26\EduRide_Backend\eduride_backend\src\test\resources
2026-01-27 14:12:59,006 [Worker-24: Building] INFO  o.a.m.s.f.DefaultMavenResourcesFiltering - Copying 1 resource from src\main\resources to target\classes
2026-01-27 14:12:59,059 [Worker-24: Building] INFO  o.a.m.s.f.DefaultMavenResourcesFiltering - Copying 0 resource from src\main\resources to target\classes
2026-01-27 14:12:59,072 [Worker-24: Building] INFO  o.a.m.s.f.DefaultMavenResourcesFiltering - skip non existing resourceDirectory C:\Users\samru\Desktop\Projects\CDAC_Project_Id_26\EduRide_Backend\eduride_backend\src\test\resources
2026-01-27 14:21:09,274 [Worker-25: Building] INFO  o.a.m.s.f.DefaultMavenResourcesFiltering - Copying 1 resource from src\main\resources to target\classes
2026-01-27 14:21:09,329 [Worker-25: Building] INFO  o.a.m.s.f.DefaultMavenResourcesFiltering - Copying 0 resource from src\main\resources to target\classes
2026-01-27 14:21:09,333 [Worker-25: Building] INFO  o.a.m.s.f.DefaultMavenResourcesFiltering - skip non existing resourceDirectory C:\Users\samru\Desktop\Projects\CDAC_Project_Id_26\EduRide_Backend\eduride_backend\src\test\resources
2026-01-27 14:22:02,637 [main] INFO  o.e.m2e.actions.ExecutePomAction - Creating new launch configuration
2026-01-27 14:22:16,195 [Worker-24: Launching eduride_backend (2)] INFO  o.eclipse.m2e.core.internal.Bundles - getClasspathEntries(Bundle=org.eclipse.m2e.maven.runtime_3.9.900.20250220-2013 [361])
2026-01-27 14:22:16,200 [Worker-24: Launching eduride_backend (2)] INFO  o.eclipse.m2e.core.internal.Bundles - 	Entry: C:\sts-4.30.0.RELEASE\plugins\org.eclipse.m2e.maven.runtime_3.9.900.20250220-2013
2026-01-27 14:22:16,203 [Worker-24: Launching eduride_backend (2)] INFO  o.eclipse.m2e.core.internal.Bundles - 	Entry: C:\sts-4.30.0.RELEASE\plugins\org.eclipse.m2e.maven.runtime_3.9.900.20250220-2013\jars\aopalliance-1.0.jar
2026-01-27 14:22:16,206 [Worker-24: Launching eduride_backend (2)] INFO  o.eclipse.m2e.core.internal.Bundles - 	Entry: C:\sts-4.30.0.RELEASE\plugins\org.eclipse.m2e.maven.runtime_3.9.900.20250220-2013\jars\guice-5.1.0.jar
2026-01-27 14:22:16,212 [Worker-24: Launching eduride_backend (2)] INFO  o.eclipse.m2e.core.internal.Bundles - 	Entry: C:\sts-4.30.0.RELEASE\plugins\org.eclipse.m2e.maven.runtime_3.9.900.20250220-2013\jars\httpclient-4.5.14.jar
2026-01-27 14:22:16,215 [Worker-24: Launching eduride_backend (2)] INFO  o.eclipse.m2e.core.internal.Bundles - 	Entry: C:\sts-4.30.0.RELEASE\plugins\org.eclipse.m2e.maven.runtime_3.9.900.20250220-2013\jars\httpcore-4.4.16.jar
2026-01-27 14:22:16,218 [Worker-24: Launching eduride_backend (2)] INFO  o.eclipse.m2e.core.internal.Bundles - 	Entry: C:\sts-4.30.0.RELEASE\plugins\org.eclipse.m2e.maven.runtime_3.9.900.20250220-2013\jars\jansi-2.4.1.jar
2026-01-27 14:22:16,219 [Worker-24: Launching eduride_backend (2)] INFO  o.eclipse.m2e.core.internal.Bundles - 	Entry: C:\sts-4.30.0.RELEASE\plugins\org.eclipse.m2e.maven.runtime_3.9.900.20250220-2013\jars\jcl-over-slf4j-1.7.36.jar
2026-01-27 14:22:16,221 [Worker-24: Launching eduride_backend (2)] INFO  o.eclipse.m2e.core.internal.Bundles - 	Entry: C:\sts-4.30.0.RELEASE\plugins\org.eclipse.m2e.maven.runtime_3.9.900.20250220-2013\jars\maven-artifact-3.9.9.jar
2026-01-27 14:22:16,222 [Worker-24: Launching eduride_backend (2)] INFO  o.eclipse.m2e.core.internal.Bundles - 	Entry: C:\sts-4.30.0.RELEASE\plugins\org.eclipse.m2e.maven.runtime_3.9.900.20250220-2013\jars\maven-builder-support-3.9.9.jar
2026-01-27 14:22:16,222 [Worker-24: Launching eduride_backend (2)] INFO  o.eclipse.m2e.core.internal.Bundles - 	Entry: C:\sts-4.30.0.RELEASE\plugins\org.eclipse.m2e.maven.runtime_3.9.900.20250220-2013\jars\maven-compat-3.9.9.jar
2026-01-27 14:22:16,222 [Worker-24: Launching eduride_backend (2)] INFO  o.eclipse.m2e.core.internal.Bundles - 	Entry: C:\sts-4.30.0.RELEASE\plugins\org.eclipse.m2e.maven.runtime_3.9.900.20250220-2013\jars\maven-core-3.9.9.jar
2026-01-27 14:22:16,223 [Worker-24: Launching eduride_backend (2)] INFO  o.eclipse.m2e.core.internal.Bundles - 	Entry: C:\sts-4.30.0.RELEASE\plugins\org.eclipse.m2e.maven.runtime_3.9.900.20250220-2013\jars\maven-embedder-3.9.9.jar
2026-01-27 14:22:16,224 [Worker-24: Launching eduride_backend (2)] INFO  o.eclipse.m2e.core.internal.Bundles - 	Entry: C:\sts-4.30.0.RELEASE\plugins\org.eclipse.m2e.maven.runtime_3.9.900.20250220-2013\jars\maven-model-3.9.9.jar
2026-01-27 14:22:16,224 [Worker-24: Launching eduride_backend (2)] INFO  o.eclipse.m2e.core.internal.Bundles - 	Entry: C:\sts-4.30.0.RELEASE\plugins\org.eclipse.m2e.maven.runtime_3.9.900.20250220-2013\jars\maven-model-builder-3.9.9.jar
2026-01-27 14:22:16,226 [Worker-24: Launching eduride_backend (2)] INFO  o.eclipse.m2e.core.internal.Bundles - 	Entry: C:\sts-4.30.0.RELEASE\plugins\org.eclipse.m2e.maven.runtime_3.9.900.20250220-2013\jars\maven-plugin-api-3.9.9.jar
2026-01-27 14:22:16,228 [Worker-24: Launching eduride_backend (2)] INFO  o.eclipse.m2e.core.internal.Bundles - 	Entry: C:\sts-4.30.0.RELEASE\plugins\org.eclipse.m2e.maven.runtime_3.9.900.20250220-2013\jars\maven-repository-metadata-3.9.9.jar
2026-01-27 14:22:16,228 [Worker-24: Launching eduride_backend (2)] INFO  o.eclipse.m2e.core.internal.Bundles - 	Entry: C:\sts-4.30.0.RELEASE\plugins\org.eclipse.m2e.maven.runtime_3.9.900.20250220-2013\jars\maven-resolver-api-1.9.22.jar
2026-01-27 14:22:16,228 [Worker-24: Launching eduride_backend (2)] INFO  o.eclipse.m2e.core.internal.Bundles - 	Entry: C:\sts-4.30.0.RELEASE\plugins\org.eclipse.m2e.maven.runtime_3.9.900.20250220-2013\jars\maven-resolver-connector-basic-1.9.22.jar
2026-01-27 14:22:16,229 [Worker-24: Launching eduride_backend (2)] INFO  o.eclipse.m2e.core.internal.Bundles - 	Entry: C:\sts-4.30.0.RELEASE\plugins\org.eclipse.m2e.maven.runtime_3.9.900.20250220-2013\jars\maven-resolver-impl-1.9.22.jar
2026-01-27 14:22:16,229 [Worker-24: Launching eduride_backend (2)] INFO  o.eclipse.m2e.core.internal.Bundles - 	Entry: C:\sts-4.30.0.RELEASE\plugins\org.eclipse.m2e.maven.runtime_3.9.900.20250220-2013\jars\maven-resolver-named-locks-1.9.22.jar
2026-01-27 14:22:16,230 [Worker-24: Launching eduride_backend (2)] INFO  o.eclipse.m2e.core.internal.Bundles - 	Entry: C:\sts-4.30.0.RELEASE\plugins\org.eclipse.m2e.maven.runtime_3.9.900.20250220-2013\jars\maven-resolver-provider-3.9.9.jar
2026-01-27 14:22:16,230 [Worker-24: Launching eduride_backend (2)] INFO  o.eclipse.m2e.core.internal.Bundles - 	Entry: C:\sts-4.30.0.RELEASE\plugins\org.eclipse.m2e.maven.runtime_3.9.900.20250220-2013\jars\maven-resolver-spi-1.9.22.jar
2026-01-27 14:22:16,231 [Worker-24: Launching eduride_backend (2)] INFO  o.eclipse.m2e.core.internal.Bundles - 	Entry: C:\sts-4.30.0.RELEASE\plugins\org.eclipse.m2e.maven.runtime_3.9.900.20250220-2013\jars\maven-resolver-transport-file-1.9.22.jar
2026-01-27 14:22:16,232 [Worker-24: Launching eduride_backend (2)] INFO  o.eclipse.m2e.core.internal.Bundles - 	Entry: C:\sts-4.30.0.RELEASE\plugins\org.eclipse.m2e.maven.runtime_3.9.900.20250220-2013\jars\maven-resolver-transport-http-1.9.22.jar
2026-01-27 14:22:16,233 [Worker-24: Launching eduride_backend (2)] INFO  o.eclipse.m2e.core.internal.Bundles - 	Entry: C:\sts-4.30.0.RELEASE\plugins\org.eclipse.m2e.maven.runtime_3.9.900.20250220-2013\jars\maven-resolver-transport-wagon-1.9.22.jar
2026-01-27 14:22:16,233 [Worker-24: Launching eduride_backend (2)] INFO  o.eclipse.m2e.core.internal.Bundles - 	Entry: C:\sts-4.30.0.RELEASE\plugins\org.eclipse.m2e.maven.runtime_3.9.900.20250220-2013\jars\maven-resolver-util-1.9.22.jar
2026-01-27 14:22:16,234 [Worker-24: Launching eduride_backend (2)] INFO  o.eclipse.m2e.core.internal.Bundles - 	Entry: C:\sts-4.30.0.RELEASE\plugins\org.eclipse.m2e.maven.runtime_3.9.900.20250220-2013\jars\maven-settings-3.9.9.jar
2026-01-27 14:22:16,235 [Worker-24: Launching eduride_backend (2)] INFO  o.eclipse.m2e.core.internal.Bundles - 	Entry: C:\sts-4.30.0.RELEASE\plugins\org.eclipse.m2e.maven.runtime_3.9.900.20250220-2013\jars\maven-settings-builder-3.9.9.jar
2026-01-27 14:22:16,236 [Worker-24: Launching eduride_backend (2)] INFO  o.eclipse.m2e.core.internal.Bundles - 	Entry: C:\sts-4.30.0.RELEASE\plugins\org.eclipse.m2e.maven.runtime_3.9.900.20250220-2013\jars\maven-shared-utils-3.4.2.jar
2026-01-27 14:22:16,239 [Worker-24: Launching eduride_backend (2)] INFO  o.eclipse.m2e.core.internal.Bundles - 	Entry: C:\sts-4.30.0.RELEASE\plugins\org.eclipse.m2e.maven.runtime_3.9.900.20250220-2013\jars\org.eclipse.sisu.inject-0.9.0.M3.jar
2026-01-27 14:22:16,239 [Worker-24: Launching eduride_backend (2)] INFO  o.eclipse.m2e.core.internal.Bundles - 	Entry: C:\sts-4.30.0.RELEASE\plugins\org.eclipse.m2e.maven.runtime_3.9.900.20250220-2013\jars\org.eclipse.sisu.plexus-0.9.0.M3.jar
2026-01-27 14:22:16,240 [Worker-24: Launching eduride_backend (2)] INFO  o.eclipse.m2e.core.internal.Bundles - 	Entry: C:\sts-4.30.0.RELEASE\plugins\org.eclipse.m2e.maven.runtime_3.9.900.20250220-2013\jars\plexus-build-api-0.0.7.jar
2026-01-27 14:22:16,241 [Worker-24: Launching eduride_backend (2)] INFO  o.eclipse.m2e.core.internal.Bundles - 	Entry: C:\sts-4.30.0.RELEASE\plugins\org.eclipse.m2e.maven.runtime_3.9.900.20250220-2013\jars\plexus-build-api-1.2.0.jar
2026-01-27 14:22:16,242 [Worker-24: Launching eduride_backend (2)] INFO  o.eclipse.m2e.core.internal.Bundles - 	Entry: C:\sts-4.30.0.RELEASE\plugins\org.eclipse.m2e.maven.runtime_3.9.900.20250220-2013\jars\plexus-cipher-2.0.jar
2026-01-27 14:22:16,242 [Worker-24: Launching eduride_backend (2)] INFO  o.eclipse.m2e.core.internal.Bundles - 	Entry: C:\sts-4.30.0.RELEASE\plugins\org.eclipse.m2e.maven.runtime_3.9.900.20250220-2013\jars\plexus-classworlds-2.8.0.jar
2026-01-27 14:22:16,243 [Worker-24: Launching eduride_backend (2)] INFO  o.eclipse.m2e.core.internal.Bundles - 	Entry: C:\sts-4.30.0.RELEASE\plugins\org.eclipse.m2e.maven.runtime_3.9.900.20250220-2013\jars\plexus-component-annotations-2.1.0.jar
2026-01-27 14:22:16,244 [Worker-24: Launching eduride_backend (2)] INFO  o.eclipse.m2e.core.internal.Bundles - 	Entry: C:\sts-4.30.0.RELEASE\plugins\org.eclipse.m2e.maven.runtime_3.9.900.20250220-2013\jars\plexus-interpolation-1.27.jar
2026-01-27 14:22:16,245 [Worker-24: Launching eduride_backend (2)] INFO  o.eclipse.m2e.core.internal.Bundles - 	Entry: C:\sts-4.30.0.RELEASE\plugins\org.eclipse.m2e.maven.runtime_3.9.900.20250220-2013\jars\plexus-sec-dispatcher-2.0.jar
2026-01-27 14:22:16,246 [Worker-24: Launching eduride_backend (2)] INFO  o.eclipse.m2e.core.internal.Bundles - 	Entry: C:\sts-4.30.0.RELEASE\plugins\org.eclipse.m2e.maven.runtime_3.9.900.20250220-2013\jars\plexus-utils-3.5.1.jar
2026-01-27 14:22:16,247 [Worker-24: Launching eduride_backend (2)] INFO  o.eclipse.m2e.core.internal.Bundles - 	Entry: C:\sts-4.30.0.RELEASE\plugins\org.eclipse.m2e.maven.runtime_3.9.900.20250220-2013\jars\plexus-xml-3.0.1.jar
2026-01-27 14:22:16,248 [Worker-24: Launching eduride_backend (2)] INFO  o.eclipse.m2e.core.internal.Bundles - 	Entry: C:\sts-4.30.0.RELEASE\plugins\org.eclipse.m2e.maven.runtime_3.9.900.20250220-2013\jars\wagon-file-3.5.3.jar
2026-01-27 14:22:16,249 [Worker-24: Launching eduride_backend (2)] INFO  o.eclipse.m2e.core.internal.Bundles - 	Entry: C:\sts-4.30.0.RELEASE\plugins\org.eclipse.m2e.maven.runtime_3.9.900.20250220-2013\jars\wagon-http-3.5.3.jar
2026-01-27 14:22:16,250 [Worker-24: Launching eduride_backend (2)] INFO  o.eclipse.m2e.core.internal.Bundles - 	Entry: C:\sts-4.30.0.RELEASE\plugins\org.eclipse.m2e.maven.runtime_3.9.900.20250220-2013\jars\wagon-http-shared-3.5.3.jar
2026-01-27 14:22:16,250 [Worker-24: Launching eduride_backend (2)] INFO  o.eclipse.m2e.core.internal.Bundles - 	Entry: C:\sts-4.30.0.RELEASE\plugins\org.eclipse.m2e.maven.runtime_3.9.900.20250220-2013\jars\wagon-provider-api-3.5.3.jar
2026-01-27 14:22:16,251 [Worker-24: Launching eduride_backend (2)] INFO  o.eclipse.m2e.core.internal.Bundles - getClasspathEntries(Bundle=com.google.guava_33.4.0.jre [29])
2026-01-27 14:22:16,252 [Worker-24: Launching eduride_backend (2)] INFO  o.eclipse.m2e.core.internal.Bundles - 	Entry: C:\sts-4.30.0.RELEASE\plugins\com.google.guava_33.4.0.jre.jar
2026-01-27 14:22:16,252 [Worker-24: Launching eduride_backend (2)] INFO  o.eclipse.m2e.core.internal.Bundles - getClasspathEntries(Bundle=slf4j.api_2.0.17 [608])
2026-01-27 14:22:16,254 [Worker-24: Launching eduride_backend (2)] INFO  o.eclipse.m2e.core.internal.Bundles - 	Entry: C:\sts-4.30.0.RELEASE\plugins\slf4j.api_2.0.17.jar
2026-01-27 14:22:16,254 [Worker-24: Launching eduride_backend (2)] INFO  o.eclipse.m2e.core.internal.Bundles - getClasspathEntries(Bundle=javax.inject_1.0.0.v20220405-0441 [759])
2026-01-27 14:22:16,254 [Worker-24: Launching eduride_backend (2)] INFO  o.eclipse.m2e.core.internal.Bundles - 	Entry: C:\sts-4.30.0.RELEASE\plugins\javax.inject_1.0.0.v20220405-0441.jar
2026-01-27 14:22:16,254 [Worker-24: Launching eduride_backend (2)] INFO  o.eclipse.m2e.core.internal.Bundles - getClasspathEntries(Bundle=javax.annotation_1.3.5.v20230504-0748 [758])
2026-01-27 14:22:16,255 [Worker-24: Launching eduride_backend (2)] INFO  o.eclipse.m2e.core.internal.Bundles - 	Entry: C:\sts-4.30.0.RELEASE\plugins\javax.annotation_1.3.5.v20230504-0748.jar
2026-01-27 14:22:16,255 [Worker-24: Launching eduride_backend (2)] INFO  o.eclipse.m2e.core.internal.Bundles - getClasspathEntries(Bundle=org.apache.commons.cli_1.9.0 [77])
2026-01-27 14:22:16,256 [Worker-24: Launching eduride_backend (2)] INFO  o.eclipse.m2e.core.internal.Bundles - 	Entry: C:\sts-4.30.0.RELEASE\plugins\org.apache.commons.cli_1.9.0.jar
2026-01-27 14:22:16,256 [Worker-24: Launching eduride_backend (2)] INFO  o.eclipse.m2e.core.internal.Bundles - getClasspathEntries(Bundle=org.apache.commons.commons-codec_1.16.0 [79])
2026-01-27 14:22:16,256 [Worker-24: Launching eduride_backend (2)] INFO  o.eclipse.m2e.core.internal.Bundles - 	Entry: C:\sts-4.30.0.RELEASE\plugins\org.apache.commons.commons-codec_1.16.0.jar
2026-01-27 14:22:16,256 [Worker-24: Launching eduride_backend (2)] INFO  o.eclipse.m2e.core.internal.Bundles - getClasspathEntries(Bundle=com.google.guava.failureaccess_1.0.2 [30])
2026-01-27 14:22:16,257 [Worker-24: Launching eduride_backend (2)] INFO  o.eclipse.m2e.core.internal.Bundles - 	Entry: C:\sts-4.30.0.RELEASE\plugins\com.google.guava.failureaccess_1.0.2.jar
2026-01-27 14:22:16,262 [Worker-24: Launching eduride_backend (2)] INFO  o.e.m.i.launch.MavenLaunchDelegate - Run build in "C:\Users\samru\Desktop\Projects\CDAC_Project_Id_26\EduRide_Backend\eduride_backend":
2026-01-27 14:22:16,262 [Worker-24: Launching eduride_backend (2)] INFO  o.e.m.i.launch.MavenLaunchDelegate -  mvn  -B -Dstyle.color=always clean install
2026-01-27 14:59:37,295 [Worker-28: Building] INFO  o.a.m.s.f.DefaultMavenResourcesFiltering - Copying 1 resource from src\main\resources to target\classes
2026-01-27 14:59:37,329 [Worker-28: Building] INFO  o.a.m.s.f.DefaultMavenResourcesFiltering - Copying 0 resource from src\main\resources to target\classes
2026-01-27 14:59:37,331 [Worker-28: Building] INFO  o.a.m.s.f.DefaultMavenResourcesFiltering - skip non existing resourceDirectory C:\Users\samru\Desktop\Projects\CDAC_Project_Id_26\EduRide_Backend\eduride_backend\src\test\resources
2026-01-27 15:07:21,620 [Worker-36: Building] INFO  o.a.m.s.f.DefaultMavenResourcesFiltering - Copying 1 resource from src\main\resources to target\classes
2026-01-27 15:07:21,630 [Worker-36: Building] INFO  o.a.m.s.f.DefaultMavenResourcesFiltering - Copying 0 resource from src\main\resources to target\classes
2026-01-27 15:07:21,633 [Worker-36: Building] INFO  o.a.m.s.f.DefaultMavenResourcesFiltering - skip non existing resourceDirectory C:\Users\samru\Desktop\Projects\CDAC_Project_Id_26\EduRide_Backend\eduride_backend\src\test\resources
2026-01-27 15:20:12,291 [Worker-40: Building] INFO  o.a.m.s.f.DefaultMavenResourcesFiltering - Copying 1 resource from src\main\resources to target\classes
2026-01-27 15:20:12,328 [Worker-40: Building] INFO  o.a.m.s.f.DefaultMavenResourcesFiltering - Copying 0 resource from src\main\resources to target\classes
2026-01-27 15:20:12,335 [Worker-40: Building] INFO  o.a.m.s.f.DefaultMavenResourcesFiltering - skip non existing resourceDirectory C:\Users\samru\Desktop\Projects\CDAC_Project_Id_26\EduRide_Backend\eduride_backend\src\test\resources
2026-01-27 15:34:48,549 [Worker-47: Building] INFO  o.a.m.s.f.DefaultMavenResourcesFiltering - Copying 1 resource from src\main\resources to target\classes
2026-01-27 15:34:48,663 [Worker-47: Building] INFO  o.a.m.s.f.DefaultMavenResourcesFiltering - Copying 0 resource from src\main\resources to target\classes
2026-01-27 15:34:48,672 [Worker-47: Building] INFO  o.a.m.s.f.DefaultMavenResourcesFiltering - skip non existing resourceDirectory C:\Users\samru\Desktop\Projects\CDAC_Project_Id_26\EduRide_Backend\eduride_backend\src\test\resources
